ERROR - 2024-11-29 00:22:16 --> Error connecting to the database: mysqli_sql_exception: Access denied for user ''@'localhost' (using password: NO) in C:\wamp64\www\proyectoTaller\system\Database\MySQLi\Connection.php:186
Stack trace:
#0 C:\wamp64\www\proyectoTaller\system\Database\MySQLi\Connection.php(186): mysqli->real_connect('localhost', '', Object(SensitiveParameterValue), '', 3306, '', 0)
#1 C:\wamp64\www\proyectoTaller\system\Database\BaseConnection.php(421): CodeIgniter\Database\MySQLi\Connection->connect(false)
#2 C:\wamp64\www\proyectoTaller\system\Database\BaseConnection.php(616): CodeIgniter\Database\BaseConnection->initialize()
#3 C:\wamp64\www\proyectoTaller\app\Models\usuarioModel.php(20): CodeIgniter\Database\BaseConnection->query('SELECT USU_NOMB...')
#4 C:\wamp64\www\proyectoTaller\app\Controllers\Saludo.php(18): App\Models\usuarioModel->selectUsuarios()
#5 C:\wamp64\www\proyectoTaller\system\CodeIgniter.php(933): App\Controllers\Saludo->index()
#6 C:\wamp64\www\proyectoTaller\system\CodeIgniter.php(509): CodeIgniter\CodeIgniter->runController(Object(App\Controllers\Saludo))
#7 C:\wamp64\www\proyectoTaller\system\CodeIgniter.php(355): CodeIgniter\CodeIgniter->handleRequest(NULL, Object(Config\Cache), false)
#8 C:\wamp64\www\proyectoTaller\system\Boot.php(325): CodeIgniter\CodeIgniter->run()
#9 C:\wamp64\www\proyectoTaller\system\Boot.php(67): CodeIgniter\Boot::runCodeIgniter(Object(CodeIgniter\CodeIgniter))
#10 C:\wamp64\www\proyectoTaller\index.php(56): CodeIgniter\Boot::bootWeb(Object(Config\Paths))
#11 {main}

Next CodeIgniter\Database\Exceptions\DatabaseException: Access denied for user ''@'localhost' (using password: NO) in C:\wamp64\www\proyectoTaller\system\Database\MySQLi\Connection.php:231
Stack trace:
#0 C:\wamp64\www\proyectoTaller\system\Database\BaseConnection.php(421): CodeIgniter\Database\MySQLi\Connection->connect(false)
#1 C:\wamp64\www\proyectoTaller\system\Database\BaseConnection.php(616): CodeIgniter\Database\BaseConnection->initialize()
#2 C:\wamp64\www\proyectoTaller\app\Models\usuarioModel.php(20): CodeIgniter\Database\BaseConnection->query('SELECT USU_NOMB...')
#3 C:\wamp64\www\proyectoTaller\app\Controllers\Saludo.php(18): App\Models\usuarioModel->selectUsuarios()
#4 C:\wamp64\www\proyectoTaller\system\CodeIgniter.php(933): App\Controllers\Saludo->index()
#5 C:\wamp64\www\proyectoTaller\system\CodeIgniter.php(509): CodeIgniter\CodeIgniter->runController(Object(App\Controllers\Saludo))
#6 C:\wamp64\www\proyectoTaller\system\CodeIgniter.php(355): CodeIgniter\CodeIgniter->handleRequest(NULL, Object(Config\Cache), false)
#7 C:\wamp64\www\proyectoTaller\system\Boot.php(325): CodeIgniter\CodeIgniter->run()
#8 C:\wamp64\www\proyectoTaller\system\Boot.php(67): CodeIgniter\Boot::runCodeIgniter(Object(CodeIgniter\CodeIgniter))
#9 C:\wamp64\www\proyectoTaller\index.php(56): CodeIgniter\Boot::bootWeb(Object(Config\Paths))
#10 {main}
CRITICAL - 2024-11-29 00:22:16 --> CodeIgniter\Database\Exceptions\DatabaseException: Unable to connect to the database.
Main connection [MySQLi]: Access denied for user ''@'localhost' (using password: NO)
[Method: GET, Route: /]
in SYSTEMPATH\Database\BaseConnection.php on line 467.
 1 SYSTEMPATH\Database\BaseConnection.php(616): CodeIgniter\Database\BaseConnection->initialize()
 2 APPPATH\Models\usuarioModel.php(20): CodeIgniter\Database\BaseConnection->query('SELECT USU_NOMBRE as Nombre, USU_APELLIDO as Apellido, USU_IDENTIFICACION as Cédula, USU_ID FROM tbl_usuarios WHERE USU_ESTADO=1')
 3 APPPATH\Controllers\Saludo.php(18): App\Models\usuarioModel->selectUsuarios()
 4 SYSTEMPATH\CodeIgniter.php(933): App\Controllers\Saludo->index()
 5 SYSTEMPATH\CodeIgniter.php(509): CodeIgniter\CodeIgniter->runController(Object(App\Controllers\Saludo))
 6 SYSTEMPATH\CodeIgniter.php(355): CodeIgniter\CodeIgniter->handleRequest(null, Object(Config\Cache), false)
 7 SYSTEMPATH\Boot.php(325): CodeIgniter\CodeIgniter->run()
 8 SYSTEMPATH\Boot.php(67): CodeIgniter\Boot::runCodeIgniter(Object(CodeIgniter\CodeIgniter))
 9 FCPATH\index.php(56): CodeIgniter\Boot::bootWeb(Object(Config\Paths))
ERROR - 2024-11-29 00:23:44 --> Error connecting to the database: mysqli_sql_exception: Access denied for user ''@'localhost' (using password: NO) in C:\wamp64\www\proyectoTaller\system\Database\MySQLi\Connection.php:186
Stack trace:
#0 C:\wamp64\www\proyectoTaller\system\Database\MySQLi\Connection.php(186): mysqli->real_connect('localhost', '', Object(SensitiveParameterValue), '', 3306, '', 0)
#1 C:\wamp64\www\proyectoTaller\system\Database\BaseConnection.php(421): CodeIgniter\Database\MySQLi\Connection->connect(false)
#2 C:\wamp64\www\proyectoTaller\system\Database\BaseConnection.php(616): CodeIgniter\Database\BaseConnection->initialize()
#3 C:\wamp64\www\proyectoTaller\app\Models\usuarioModel.php(20): CodeIgniter\Database\BaseConnection->query('SELECT USU_NOMB...')
#4 C:\wamp64\www\proyectoTaller\app\Controllers\Saludo.php(18): App\Models\usuarioModel->selectUsuarios()
#5 C:\wamp64\www\proyectoTaller\system\CodeIgniter.php(933): App\Controllers\Saludo->index()
#6 C:\wamp64\www\proyectoTaller\system\CodeIgniter.php(509): CodeIgniter\CodeIgniter->runController(Object(App\Controllers\Saludo))
#7 C:\wamp64\www\proyectoTaller\system\CodeIgniter.php(355): CodeIgniter\CodeIgniter->handleRequest(NULL, Object(Config\Cache), false)
#8 C:\wamp64\www\proyectoTaller\system\Boot.php(325): CodeIgniter\CodeIgniter->run()
#9 C:\wamp64\www\proyectoTaller\system\Boot.php(67): CodeIgniter\Boot::runCodeIgniter(Object(CodeIgniter\CodeIgniter))
#10 C:\wamp64\www\proyectoTaller\index.php(56): CodeIgniter\Boot::bootWeb(Object(Config\Paths))
#11 {main}

Next CodeIgniter\Database\Exceptions\DatabaseException: Access denied for user ''@'localhost' (using password: NO) in C:\wamp64\www\proyectoTaller\system\Database\MySQLi\Connection.php:231
Stack trace:
#0 C:\wamp64\www\proyectoTaller\system\Database\BaseConnection.php(421): CodeIgniter\Database\MySQLi\Connection->connect(false)
#1 C:\wamp64\www\proyectoTaller\system\Database\BaseConnection.php(616): CodeIgniter\Database\BaseConnection->initialize()
#2 C:\wamp64\www\proyectoTaller\app\Models\usuarioModel.php(20): CodeIgniter\Database\BaseConnection->query('SELECT USU_NOMB...')
#3 C:\wamp64\www\proyectoTaller\app\Controllers\Saludo.php(18): App\Models\usuarioModel->selectUsuarios()
#4 C:\wamp64\www\proyectoTaller\system\CodeIgniter.php(933): App\Controllers\Saludo->index()
#5 C:\wamp64\www\proyectoTaller\system\CodeIgniter.php(509): CodeIgniter\CodeIgniter->runController(Object(App\Controllers\Saludo))
#6 C:\wamp64\www\proyectoTaller\system\CodeIgniter.php(355): CodeIgniter\CodeIgniter->handleRequest(NULL, Object(Config\Cache), false)
#7 C:\wamp64\www\proyectoTaller\system\Boot.php(325): CodeIgniter\CodeIgniter->run()
#8 C:\wamp64\www\proyectoTaller\system\Boot.php(67): CodeIgniter\Boot::runCodeIgniter(Object(CodeIgniter\CodeIgniter))
#9 C:\wamp64\www\proyectoTaller\index.php(56): CodeIgniter\Boot::bootWeb(Object(Config\Paths))
#10 {main}
CRITICAL - 2024-11-29 00:23:44 --> CodeIgniter\Database\Exceptions\DatabaseException: Unable to connect to the database.
Main connection [MySQLi]: Access denied for user ''@'localhost' (using password: NO)
[Method: GET, Route: /]
in SYSTEMPATH\Database\BaseConnection.php on line 467.
 1 SYSTEMPATH\Database\BaseConnection.php(616): CodeIgniter\Database\BaseConnection->initialize()
 2 APPPATH\Models\usuarioModel.php(20): CodeIgniter\Database\BaseConnection->query('SELECT USU_NOMBRE as Nombre, USU_APELLIDO as Apellido, USU_IDENTIFICACION as Cédula, USU_ID FROM tbl_usuarios WHERE USU_ESTADO=1')
 3 APPPATH\Controllers\Saludo.php(18): App\Models\usuarioModel->selectUsuarios()
 4 SYSTEMPATH\CodeIgniter.php(933): App\Controllers\Saludo->index()
 5 SYSTEMPATH\CodeIgniter.php(509): CodeIgniter\CodeIgniter->runController(Object(App\Controllers\Saludo))
 6 SYSTEMPATH\CodeIgniter.php(355): CodeIgniter\CodeIgniter->handleRequest(null, Object(Config\Cache), false)
 7 SYSTEMPATH\Boot.php(325): CodeIgniter\CodeIgniter->run()
 8 SYSTEMPATH\Boot.php(67): CodeIgniter\Boot::runCodeIgniter(Object(CodeIgniter\CodeIgniter))
 9 FCPATH\index.php(56): CodeIgniter\Boot::bootWeb(Object(Config\Paths))
ERROR - 2024-11-29 00:24:14 --> Error connecting to the database: mysqli_sql_exception: Access denied for user ''@'localhost' (using password: NO) in C:\wamp64\www\proyectoTaller\system\Database\MySQLi\Connection.php:186
Stack trace:
#0 C:\wamp64\www\proyectoTaller\system\Database\MySQLi\Connection.php(186): mysqli->real_connect('localhost', '', Object(SensitiveParameterValue), '', 3306, '', 0)
#1 C:\wamp64\www\proyectoTaller\system\Database\BaseConnection.php(421): CodeIgniter\Database\MySQLi\Connection->connect(false)
#2 C:\wamp64\www\proyectoTaller\system\Database\BaseConnection.php(616): CodeIgniter\Database\BaseConnection->initialize()
#3 C:\wamp64\www\proyectoTaller\app\Models\usuarioModel.php(20): CodeIgniter\Database\BaseConnection->query('SELECT USU_NOMB...')
#4 C:\wamp64\www\proyectoTaller\app\Controllers\Saludo.php(18): App\Models\usuarioModel->selectUsuarios()
#5 C:\wamp64\www\proyectoTaller\system\CodeIgniter.php(933): App\Controllers\Saludo->index()
#6 C:\wamp64\www\proyectoTaller\system\CodeIgniter.php(509): CodeIgniter\CodeIgniter->runController(Object(App\Controllers\Saludo))
#7 C:\wamp64\www\proyectoTaller\system\CodeIgniter.php(355): CodeIgniter\CodeIgniter->handleRequest(NULL, Object(Config\Cache), false)
#8 C:\wamp64\www\proyectoTaller\system\Boot.php(325): CodeIgniter\CodeIgniter->run()
#9 C:\wamp64\www\proyectoTaller\system\Boot.php(67): CodeIgniter\Boot::runCodeIgniter(Object(CodeIgniter\CodeIgniter))
#10 C:\wamp64\www\proyectoTaller\index.php(56): CodeIgniter\Boot::bootWeb(Object(Config\Paths))
#11 {main}

Next CodeIgniter\Database\Exceptions\DatabaseException: Access denied for user ''@'localhost' (using password: NO) in C:\wamp64\www\proyectoTaller\system\Database\MySQLi\Connection.php:231
Stack trace:
#0 C:\wamp64\www\proyectoTaller\system\Database\BaseConnection.php(421): CodeIgniter\Database\MySQLi\Connection->connect(false)
#1 C:\wamp64\www\proyectoTaller\system\Database\BaseConnection.php(616): CodeIgniter\Database\BaseConnection->initialize()
#2 C:\wamp64\www\proyectoTaller\app\Models\usuarioModel.php(20): CodeIgniter\Database\BaseConnection->query('SELECT USU_NOMB...')
#3 C:\wamp64\www\proyectoTaller\app\Controllers\Saludo.php(18): App\Models\usuarioModel->selectUsuarios()
#4 C:\wamp64\www\proyectoTaller\system\CodeIgniter.php(933): App\Controllers\Saludo->index()
#5 C:\wamp64\www\proyectoTaller\system\CodeIgniter.php(509): CodeIgniter\CodeIgniter->runController(Object(App\Controllers\Saludo))
#6 C:\wamp64\www\proyectoTaller\system\CodeIgniter.php(355): CodeIgniter\CodeIgniter->handleRequest(NULL, Object(Config\Cache), false)
#7 C:\wamp64\www\proyectoTaller\system\Boot.php(325): CodeIgniter\CodeIgniter->run()
#8 C:\wamp64\www\proyectoTaller\system\Boot.php(67): CodeIgniter\Boot::runCodeIgniter(Object(CodeIgniter\CodeIgniter))
#9 C:\wamp64\www\proyectoTaller\index.php(56): CodeIgniter\Boot::bootWeb(Object(Config\Paths))
#10 {main}
CRITICAL - 2024-11-29 00:24:14 --> CodeIgniter\Database\Exceptions\DatabaseException: Unable to connect to the database.
Main connection [MySQLi]: Access denied for user ''@'localhost' (using password: NO)
[Method: GET, Route: /]
in SYSTEMPATH\Database\BaseConnection.php on line 467.
 1 SYSTEMPATH\Database\BaseConnection.php(616): CodeIgniter\Database\BaseConnection->initialize()
 2 APPPATH\Models\usuarioModel.php(20): CodeIgniter\Database\BaseConnection->query('SELECT USU_NOMBRE as Nombre, USU_APELLIDO as Apellido, USU_IDENTIFICACION as Cédula, USU_ID FROM tbl_usuarios WHERE USU_ESTADO=1')
 3 APPPATH\Controllers\Saludo.php(18): App\Models\usuarioModel->selectUsuarios()
 4 SYSTEMPATH\CodeIgniter.php(933): App\Controllers\Saludo->index()
 5 SYSTEMPATH\CodeIgniter.php(509): CodeIgniter\CodeIgniter->runController(Object(App\Controllers\Saludo))
 6 SYSTEMPATH\CodeIgniter.php(355): CodeIgniter\CodeIgniter->handleRequest(null, Object(Config\Cache), false)
 7 SYSTEMPATH\Boot.php(325): CodeIgniter\CodeIgniter->run()
 8 SYSTEMPATH\Boot.php(67): CodeIgniter\Boot::runCodeIgniter(Object(CodeIgniter\CodeIgniter))
 9 FCPATH\index.php(56): CodeIgniter\Boot::bootWeb(Object(Config\Paths))
ERROR - 2024-11-29 00:24:51 --> Error connecting to the database: mysqli_sql_exception: Access denied for user ''@'localhost' (using password: NO) in C:\wamp64\www\proyectoTaller\system\Database\MySQLi\Connection.php:186
Stack trace:
#0 C:\wamp64\www\proyectoTaller\system\Database\MySQLi\Connection.php(186): mysqli->real_connect('localhost', '', Object(SensitiveParameterValue), '', 3306, '', 0)
#1 C:\wamp64\www\proyectoTaller\system\Database\BaseConnection.php(421): CodeIgniter\Database\MySQLi\Connection->connect(false)
#2 C:\wamp64\www\proyectoTaller\system\Database\BaseConnection.php(616): CodeIgniter\Database\BaseConnection->initialize()
#3 C:\wamp64\www\proyectoTaller\app\Models\usuarioModel.php(20): CodeIgniter\Database\BaseConnection->query('SELECT USU_NOMB...')
#4 C:\wamp64\www\proyectoTaller\app\Controllers\Saludo.php(18): App\Models\usuarioModel->selectUsuarios()
#5 C:\wamp64\www\proyectoTaller\system\CodeIgniter.php(933): App\Controllers\Saludo->index()
#6 C:\wamp64\www\proyectoTaller\system\CodeIgniter.php(509): CodeIgniter\CodeIgniter->runController(Object(App\Controllers\Saludo))
#7 C:\wamp64\www\proyectoTaller\system\CodeIgniter.php(355): CodeIgniter\CodeIgniter->handleRequest(NULL, Object(Config\Cache), false)
#8 C:\wamp64\www\proyectoTaller\system\Boot.php(325): CodeIgniter\CodeIgniter->run()
#9 C:\wamp64\www\proyectoTaller\system\Boot.php(67): CodeIgniter\Boot::runCodeIgniter(Object(CodeIgniter\CodeIgniter))
#10 C:\wamp64\www\proyectoTaller\index.php(56): CodeIgniter\Boot::bootWeb(Object(Config\Paths))
#11 {main}

Next CodeIgniter\Database\Exceptions\DatabaseException: Access denied for user ''@'localhost' (using password: NO) in C:\wamp64\www\proyectoTaller\system\Database\MySQLi\Connection.php:231
Stack trace:
#0 C:\wamp64\www\proyectoTaller\system\Database\BaseConnection.php(421): CodeIgniter\Database\MySQLi\Connection->connect(false)
#1 C:\wamp64\www\proyectoTaller\system\Database\BaseConnection.php(616): CodeIgniter\Database\BaseConnection->initialize()
#2 C:\wamp64\www\proyectoTaller\app\Models\usuarioModel.php(20): CodeIgniter\Database\BaseConnection->query('SELECT USU_NOMB...')
#3 C:\wamp64\www\proyectoTaller\app\Controllers\Saludo.php(18): App\Models\usuarioModel->selectUsuarios()
#4 C:\wamp64\www\proyectoTaller\system\CodeIgniter.php(933): App\Controllers\Saludo->index()
#5 C:\wamp64\www\proyectoTaller\system\CodeIgniter.php(509): CodeIgniter\CodeIgniter->runController(Object(App\Controllers\Saludo))
#6 C:\wamp64\www\proyectoTaller\system\CodeIgniter.php(355): CodeIgniter\CodeIgniter->handleRequest(NULL, Object(Config\Cache), false)
#7 C:\wamp64\www\proyectoTaller\system\Boot.php(325): CodeIgniter\CodeIgniter->run()
#8 C:\wamp64\www\proyectoTaller\system\Boot.php(67): CodeIgniter\Boot::runCodeIgniter(Object(CodeIgniter\CodeIgniter))
#9 C:\wamp64\www\proyectoTaller\index.php(56): CodeIgniter\Boot::bootWeb(Object(Config\Paths))
#10 {main}
CRITICAL - 2024-11-29 00:24:51 --> CodeIgniter\Database\Exceptions\DatabaseException: Unable to connect to the database.
Main connection [MySQLi]: Access denied for user ''@'localhost' (using password: NO)
[Method: GET, Route: /]
in SYSTEMPATH\Database\BaseConnection.php on line 467.
 1 SYSTEMPATH\Database\BaseConnection.php(616): CodeIgniter\Database\BaseConnection->initialize()
 2 APPPATH\Models\usuarioModel.php(20): CodeIgniter\Database\BaseConnection->query('SELECT USU_NOMBRE as Nombre, USU_APELLIDO as Apellido, USU_IDENTIFICACION as Cédula, USU_ID FROM tbl_usuarios WHERE USU_ESTADO=1')
 3 APPPATH\Controllers\Saludo.php(18): App\Models\usuarioModel->selectUsuarios()
 4 SYSTEMPATH\CodeIgniter.php(933): App\Controllers\Saludo->index()
 5 SYSTEMPATH\CodeIgniter.php(509): CodeIgniter\CodeIgniter->runController(Object(App\Controllers\Saludo))
 6 SYSTEMPATH\CodeIgniter.php(355): CodeIgniter\CodeIgniter->handleRequest(null, Object(Config\Cache), false)
 7 SYSTEMPATH\Boot.php(325): CodeIgniter\CodeIgniter->run()
 8 SYSTEMPATH\Boot.php(67): CodeIgniter\Boot::runCodeIgniter(Object(CodeIgniter\CodeIgniter))
 9 FCPATH\index.php(56): CodeIgniter\Boot::bootWeb(Object(Config\Paths))
CRITICAL - 2024-11-29 02:34:12 --> ParseError: syntax error, unexpected token "}", expecting ";"
[Method: GET, Route: /]
in APPPATH\Models\usuarioModel.php on line 58.
 1 SYSTEMPATH\Autoloader\Autoloader.php(296): CodeIgniter\Autoloader\Autoloader->includeFile('C:\\wamp64\\www\\proyectoTaller\\app\\Models\\usuarioModel.php')
 2 SYSTEMPATH\Autoloader\Autoloader.php(272): CodeIgniter\Autoloader\Autoloader->loadInNamespace('App\\Models\\usuarioModel')
 3 APPPATH\Controllers\Saludos.php(12): CodeIgniter\Autoloader\Autoloader->loadClass('App\\Models\\usuarioModel')
 4 SYSTEMPATH\CodeIgniter.php(903): App\Controllers\Saludos->__construct()
 5 SYSTEMPATH\CodeIgniter.php(500): CodeIgniter\CodeIgniter->createController()
 6 SYSTEMPATH\CodeIgniter.php(355): CodeIgniter\CodeIgniter->handleRequest(null, Object(Config\Cache), false)
 7 SYSTEMPATH\Boot.php(325): CodeIgniter\CodeIgniter->run()
 8 SYSTEMPATH\Boot.php(67): CodeIgniter\Boot::runCodeIgniter(Object(CodeIgniter\CodeIgniter))
 9 FCPATH\index.php(56): CodeIgniter\Boot::bootWeb(Object(Config\Paths))
ERROR - 2024-11-29 02:36:22 --> mysqli_sql_exception: You have an error in your SQL syntax; check the manual that corresponds to your MySQL server version for the right syntax to use near 'USU_ID FROM tbl_usuarios WHERE USU_ESTADO=1' at line 1 in C:\wamp64\www\proyectoTaller\system\Database\MySQLi\Connection.php:312
Stack trace:
#0 C:\wamp64\www\proyectoTaller\system\Database\MySQLi\Connection.php(312): mysqli->query('SELECT USU_NOMB...', 0)
#1 C:\wamp64\www\proyectoTaller\system\Database\BaseConnection.php(734): CodeIgniter\Database\MySQLi\Connection->execute('SELECT USU_NOMB...')
#2 C:\wamp64\www\proyectoTaller\system\Database\BaseConnection.php(648): CodeIgniter\Database\BaseConnection->simpleQuery('SELECT USU_NOMB...')
#3 C:\wamp64\www\proyectoTaller\app\Models\usuarioModel.php(20): CodeIgniter\Database\BaseConnection->query('SELECT USU_NOMB...')
#4 C:\wamp64\www\proyectoTaller\app\Controllers\Saludos.php(18): App\Models\usuarioModel->selectUsuarios()
#5 C:\wamp64\www\proyectoTaller\system\CodeIgniter.php(933): App\Controllers\Saludos->index()
#6 C:\wamp64\www\proyectoTaller\system\CodeIgniter.php(509): CodeIgniter\CodeIgniter->runController(Object(App\Controllers\Saludos))
#7 C:\wamp64\www\proyectoTaller\system\CodeIgniter.php(355): CodeIgniter\CodeIgniter->handleRequest(NULL, Object(Config\Cache), false)
#8 C:\wamp64\www\proyectoTaller\system\Boot.php(325): CodeIgniter\CodeIgniter->run()
#9 C:\wamp64\www\proyectoTaller\system\Boot.php(67): CodeIgniter\Boot::runCodeIgniter(Object(CodeIgniter\CodeIgniter))
#10 C:\wamp64\www\proyectoTaller\index.php(56): CodeIgniter\Boot::bootWeb(Object(Config\Paths))
#11 {main}
CRITICAL - 2024-11-29 02:36:22 --> CodeIgniter\Database\Exceptions\DatabaseException: You have an error in your SQL syntax; check the manual that corresponds to your MySQL server version for the right syntax to use near 'USU_ID FROM tbl_usuarios WHERE USU_ESTADO=1' at line 1
[Method: GET, Route: /]
in SYSTEMPATH\Database\BaseConnection.php on line 688.
 1 APPPATH\Models\usuarioModel.php(20): CodeIgniter\Database\BaseConnection->query('SELECT USU_NOMBRE as Nombre, USU_APELLIDO as Apellido, USU_IDENTIFICACION as Cédula,USU_CORREO as correo USU_ID FROM tbl_usuarios WHERE USU_ESTADO=1')
 2 APPPATH\Controllers\Saludos.php(18): App\Models\usuarioModel->selectUsuarios()
 3 SYSTEMPATH\CodeIgniter.php(933): App\Controllers\Saludos->index()
 4 SYSTEMPATH\CodeIgniter.php(509): CodeIgniter\CodeIgniter->runController(Object(App\Controllers\Saludos))
 5 SYSTEMPATH\CodeIgniter.php(355): CodeIgniter\CodeIgniter->handleRequest(null, Object(Config\Cache), false)
 6 SYSTEMPATH\Boot.php(325): CodeIgniter\CodeIgniter->run()
 7 SYSTEMPATH\Boot.php(67): CodeIgniter\Boot::runCodeIgniter(Object(CodeIgniter\CodeIgniter))
 8 FCPATH\index.php(56): CodeIgniter\Boot::bootWeb(Object(Config\Paths))
CRITICAL - 2024-11-29 02:36:22 --> [Caused by] CodeIgniter\Database\Exceptions\DatabaseException: You have an error in your SQL syntax; check the manual that corresponds to your MySQL server version for the right syntax to use near 'USU_ID FROM tbl_usuarios WHERE USU_ESTADO=1' at line 1
in SYSTEMPATH\Database\MySQLi\Connection.php on line 317.
 1 SYSTEMPATH\Database\BaseConnection.php(734): CodeIgniter\Database\MySQLi\Connection->execute('SELECT USU_NOMBRE as Nombre, USU_APELLIDO as Apellido, USU_IDENTIFICACION as Cédula,USU_CORREO as correo USU_ID FROM tbl_usuarios WHERE USU_ESTADO=1')
 2 SYSTEMPATH\Database\BaseConnection.php(648): CodeIgniter\Database\BaseConnection->simpleQuery('SELECT USU_NOMBRE as Nombre, USU_APELLIDO as Apellido, USU_IDENTIFICACION as Cédula,USU_CORREO as correo USU_ID FROM tbl_usuarios WHERE USU_ESTADO=1')
 3 APPPATH\Models\usuarioModel.php(20): CodeIgniter\Database\BaseConnection->query('SELECT USU_NOMBRE as Nombre, USU_APELLIDO as Apellido, USU_IDENTIFICACION as Cédula,USU_CORREO as correo USU_ID FROM tbl_usuarios WHERE USU_ESTADO=1')
 4 APPPATH\Controllers\Saludos.php(18): App\Models\usuarioModel->selectUsuarios()
 5 SYSTEMPATH\CodeIgniter.php(933): App\Controllers\Saludos->index()
 6 SYSTEMPATH\CodeIgniter.php(509): CodeIgniter\CodeIgniter->runController(Object(App\Controllers\Saludos))
 7 SYSTEMPATH\CodeIgniter.php(355): CodeIgniter\CodeIgniter->handleRequest(null, Object(Config\Cache), false)
 8 SYSTEMPATH\Boot.php(325): CodeIgniter\CodeIgniter->run()
 9 SYSTEMPATH\Boot.php(67): CodeIgniter\Boot::runCodeIgniter(Object(CodeIgniter\CodeIgniter))
10 FCPATH\index.php(56): CodeIgniter\Boot::bootWeb(Object(Config\Paths))
CRITICAL - 2024-11-29 02:36:22 --> [Caused by] mysqli_sql_exception: You have an error in your SQL syntax; check the manual that corresponds to your MySQL server version for the right syntax to use near 'USU_ID FROM tbl_usuarios WHERE USU_ESTADO=1' at line 1
in SYSTEMPATH\Database\MySQLi\Connection.php on line 312.
 1 SYSTEMPATH\Database\MySQLi\Connection.php(312): mysqli->query('SELECT USU_NOMBRE as Nombre, USU_APELLIDO as Apellido, USU_IDENTIFICACION as Cédula,USU_CORREO as correo USU_ID FROM tbl_usuarios WHERE USU_ESTADO=1', 0)
 2 SYSTEMPATH\Database\BaseConnection.php(734): CodeIgniter\Database\MySQLi\Connection->execute('SELECT USU_NOMBRE as Nombre, USU_APELLIDO as Apellido, USU_IDENTIFICACION as Cédula,USU_CORREO as correo USU_ID FROM tbl_usuarios WHERE USU_ESTADO=1')
 3 SYSTEMPATH\Database\BaseConnection.php(648): CodeIgniter\Database\BaseConnection->simpleQuery('SELECT USU_NOMBRE as Nombre, USU_APELLIDO as Apellido, USU_IDENTIFICACION as Cédula,USU_CORREO as correo USU_ID FROM tbl_usuarios WHERE USU_ESTADO=1')
 4 APPPATH\Models\usuarioModel.php(20): CodeIgniter\Database\BaseConnection->query('SELECT USU_NOMBRE as Nombre, USU_APELLIDO as Apellido, USU_IDENTIFICACION as Cédula,USU_CORREO as correo USU_ID FROM tbl_usuarios WHERE USU_ESTADO=1')
 5 APPPATH\Controllers\Saludos.php(18): App\Models\usuarioModel->selectUsuarios()
 6 SYSTEMPATH\CodeIgniter.php(933): App\Controllers\Saludos->index()
 7 SYSTEMPATH\CodeIgniter.php(509): CodeIgniter\CodeIgniter->runController(Object(App\Controllers\Saludos))
 8 SYSTEMPATH\CodeIgniter.php(355): CodeIgniter\CodeIgniter->handleRequest(null, Object(Config\Cache), false)
 9 SYSTEMPATH\Boot.php(325): CodeIgniter\CodeIgniter->run()
10 SYSTEMPATH\Boot.php(67): CodeIgniter\Boot::runCodeIgniter(Object(CodeIgniter\CodeIgniter))
11 FCPATH\index.php(56): CodeIgniter\Boot::bootWeb(Object(Config\Paths))
CRITICAL - 2024-11-29 03:02:14 --> ParseError: syntax error, unexpected token ":", expecting ";"
[Method: GET, Route: /]
in APPPATH\Views\pagina_web\usuarios.php on line 124.
 1 SYSTEMPATH\View\View.php(237): CodeIgniter\View\View->CodeIgniter\View\{closure}()
 2 SYSTEMPATH\Common.php(1171): CodeIgniter\View\View->render('pagina_web/usuarios', [], true)
 3 APPPATH\Controllers\Saludos.php(20): view('pagina_web/usuarios', [...])
 4 SYSTEMPATH\CodeIgniter.php(933): App\Controllers\Saludos->index()
 5 SYSTEMPATH\CodeIgniter.php(509): CodeIgniter\CodeIgniter->runController(Object(App\Controllers\Saludos))
 6 SYSTEMPATH\CodeIgniter.php(355): CodeIgniter\CodeIgniter->handleRequest(null, Object(Config\Cache), false)
 7 SYSTEMPATH\Boot.php(325): CodeIgniter\CodeIgniter->run()
 8 SYSTEMPATH\Boot.php(67): CodeIgniter\Boot::runCodeIgniter(Object(CodeIgniter\CodeIgniter))
 9 FCPATH\index.php(56): CodeIgniter\Boot::bootWeb(Object(Config\Paths))
